{"E:\\Vidit\\Desktop\\VIDIT CODE\\Web Dev\\Learning\\REACT\\React\\Namaste React\\src\\components\\ContactUs.js": {"path":"E:\\Vidit\\Desktop\\VIDIT CODE\\Web Dev\\Learning\\REACT\\React\\Namaste React\\src\\components\\ContactUs.js","statementMap":{"0":{"start":{"line":2,"column":18},"end":{"line":15,"column":1}},"1":{"start":{"line":3,"column":2},"end":{"line":14,"column":3}}},"fnMap":{"0":{"name":"(anonymous_0)","decl":{"start":{"line":2,"column":18},"end":{"line":2,"column":19}},"loc":{"start":{"line":2,"column":24},"end":{"line":15,"column":1}},"line":2}},"branchMap":{},"s":{"0":1,"1":4},"f":{"0":4},"b":{},"_coverageSchema":"1a1c01bbd47fc00a2c39e90264f33305004495a9","hash":"27325d3e6cbab370a0feafbf799e1aeed1457b29"}
,"E:\\Vidit\\Desktop\\VIDIT CODE\\Web Dev\\Learning\\REACT\\React\\Namaste React\\src\\components\\sum.js": {"path":"E:\\Vidit\\Desktop\\VIDIT CODE\\Web Dev\\Learning\\REACT\\React\\Namaste React\\src\\components\\sum.js","statementMap":{"0":{"start":{"line":1,"column":19},"end":{"line":3,"column":1}},"1":{"start":{"line":2,"column":4},"end":{"line":2,"column":17}}},"fnMap":{"0":{"name":"(anonymous_0)","decl":{"start":{"line":1,"column":19},"end":{"line":1,"column":20}},"loc":{"start":{"line":1,"column":28},"end":{"line":3,"column":1}},"line":1}},"branchMap":{},"s":{"0":1,"1":1},"f":{"0":1},"b":{},"_coverageSchema":"1a1c01bbd47fc00a2c39e90264f33305004495a9","hash":"41d938c2821f25edb6dd608553f31fde2e624251"}
}
