{"E:\\Vidit\\Desktop\\VIDIT CODE\\Web Dev\\Learning\\REACT\\React\\Namaste React\\src\\components\\ContactUs.js": {"path":"E:\\Vidit\\Desktop\\VIDIT CODE\\Web Dev\\Learning\\REACT\\React\\Namaste React\\src\\components\\ContactUs.js","statementMap":{"0":{"start":{"line":2,"column":18},"end":{"line":15,"column":1}},"1":{"start":{"line":3,"column":2},"end":{"line":14,"column":3}}},"fnMap":{"0":{"name":"(anonymous_0)","decl":{"start":{"line":2,"column":18},"end":{"line":2,"column":19}},"loc":{"start":{"line":2,"column":24},"end":{"line":15,"column":1}},"line":2}},"branchMap":{},"s":{"0":1,"1":4},"f":{"0":4},"b":{},"_coverageSchema":"1a1c01bbd47fc00a2c39e90264f33305004495a9","hash":"27325d3e6cbab370a0feafbf799e1aeed1457b29"}
,"E:\\Vidit\\Desktop\\VIDIT CODE\\Web Dev\\Learning\\REACT\\React\\Namaste React\\src\\components\\Header.js": {"path":"E:\\Vidit\\Desktop\\VIDIT CODE\\Web Dev\\Learning\\REACT\\React\\Namaste React\\src\\components\\Header.js","statementMap":{"0":{"start":{"line":8,"column":15},"end":{"line":52,"column":1}},"1":{"start":{"line":9,"column":37},"end":{"line":9,"column":52}},"2":{"start":{"line":11,"column":18},"end":{"line":11,"column":35}},"3":{"start":{"line":13,"column":27},"end":{"line":15,"column":2}},"4":{"start":{"line":14,"column":2},"end":{"line":14,"column":33}},"5":{"start":{"line":14,"column":26},"end":{"line":14,"column":31}},"6":{"start":{"line":17,"column":14},"end":{"line":17,"column":37}},"7":{"start":{"line":19,"column":19},"end":{"line":19,"column":59}},"8":{"start":{"line":19,"column":42},"end":{"line":19,"column":58}},"9":{"start":{"line":21,"column":1},"end":{"line":51,"column":3}}},"fnMap":{"0":{"name":"(anonymous_0)","decl":{"start":{"line":8,"column":15},"end":{"line":8,"column":16}},"loc":{"start":{"line":8,"column":21},"end":{"line":52,"column":1}},"line":8},"1":{"name":"(anonymous_1)","decl":{"start":{"line":13,"column":27},"end":{"line":13,"column":28}},"loc":{"start":{"line":13,"column":33},"end":{"line":15,"column":2}},"line":13},"2":{"name":"(anonymous_2)","decl":{"start":{"line":14,"column":16},"end":{"line":14,"column":17}},"loc":{"start":{"line":14,"column":26},"end":{"line":14,"column":31}},"line":14},"3":{"name":"(anonymous_3)","decl":{"start":{"line":19,"column":31},"end":{"line":19,"column":32}},"loc":{"start":{"line":19,"column":42},"end":{"line":19,"column":58}},"line":19}},"branchMap":{"0":{"loc":{"start":{"line":28,"column":42},"end":{"line":28,"column":63}},"type":"cond-expr","locations":[{"start":{"line":28,"column":53},"end":{"line":28,"column":56}},{"start":{"line":28,"column":59},"end":{"line":28,"column":63}}],"line":28},"1":{"loc":{"start":{"line":44,"column":6},"end":{"line":44,"column":71}},"type":"binary-expr","locations":[{"start":{"line":44,"column":6},"end":{"line":44,"column":16}},{"start":{"line":44,"column":20},"end":{"line":44,"column":71}}],"line":44},"2":{"loc":{"start":{"line":46,"column":7},"end":{"line":46,"column":38}},"type":"cond-expr","locations":[{"start":{"line":46,"column":20},"end":{"line":46,"column":28}},{"start":{"line":46,"column":31},"end":{"line":46,"column":38}}],"line":46}},"s":{"0":1,"1":5,"2":5,"3":5,"4":1,"5":1,"6":5,"7":5,"8":9,"9":5},"f":{"0":5,"1":1,"2":1,"3":9},"b":{"0":[5,0],"1":[5,1],"2":[1,4]},"_coverageSchema":"1a1c01bbd47fc00a2c39e90264f33305004495a9","hash":"761dbd1e2f98096c5c77e1775fca1da854a2caf8"}
,"E:\\Vidit\\Desktop\\VIDIT CODE\\Web Dev\\Learning\\REACT\\React\\Namaste React\\src\\components\\sum.js": {"path":"E:\\Vidit\\Desktop\\VIDIT CODE\\Web Dev\\Learning\\REACT\\React\\Namaste React\\src\\components\\sum.js","statementMap":{"0":{"start":{"line":1,"column":19},"end":{"line":3,"column":1}},"1":{"start":{"line":2,"column":4},"end":{"line":2,"column":17}}},"fnMap":{"0":{"name":"(anonymous_0)","decl":{"start":{"line":1,"column":19},"end":{"line":1,"column":20}},"loc":{"start":{"line":1,"column":28},"end":{"line":3,"column":1}},"line":1}},"branchMap":{},"s":{"0":1,"1":1},"f":{"0":1},"b":{},"_coverageSchema":"1a1c01bbd47fc00a2c39e90264f33305004495a9","hash":"41d938c2821f25edb6dd608553f31fde2e624251"}
,"E:\\Vidit\\Desktop\\VIDIT CODE\\Web Dev\\Learning\\REACT\\React\\Namaste React\\src\\utils\\appStore.js": {"path":"E:\\Vidit\\Desktop\\VIDIT CODE\\Web Dev\\Learning\\REACT\\React\\Namaste React\\src\\utils\\appStore.js","statementMap":{"0":{"start":{"line":4,"column":17},"end":{"line":9,"column":2}}},"fnMap":{},"branchMap":{},"s":{"0":1},"f":{},"b":{},"_coverageSchema":"1a1c01bbd47fc00a2c39e90264f33305004495a9","hash":"b9bde031b0976e44903720a7f1b3191dfb4079c7"}
,"E:\\Vidit\\Desktop\\VIDIT CODE\\Web Dev\\Learning\\REACT\\React\\Namaste React\\src\\utils\\cartSlice.js": {"path":"E:\\Vidit\\Desktop\\VIDIT CODE\\Web Dev\\Learning\\REACT\\React\\Namaste React\\src\\utils\\cartSlice.js","statementMap":{"0":{"start":{"line":3,"column":18},"end":{"line":38,"column":2}},"1":{"start":{"line":19,"column":3},"end":{"line":19,"column":36}},"2":{"start":{"line":22,"column":3},"end":{"line":22,"column":21}},"3":{"start":{"line":27,"column":3},"end":{"line":27,"column":31}},"4":{"start":{"line":35,"column":3},"end":{"line":35,"column":26}},"5":{"start":{"line":43,"column":1},"end":{"line":43,"column":18}}},"fnMap":{"0":{"name":"(anonymous_0)","decl":{"start":{"line":12,"column":17},"end":{"line":12,"column":18}},"loc":{"start":{"line":12,"column":36},"end":{"line":20,"column":3}},"line":12},"1":{"name":"(anonymous_1)","decl":{"start":{"line":21,"column":20},"end":{"line":21,"column":21}},"loc":{"start":{"line":21,"column":31},"end":{"line":23,"column":3}},"line":21},"2":{"name":"(anonymous_2)","decl":{"start":{"line":25,"column":19},"end":{"line":25,"column":20}},"loc":{"start":{"line":25,"column":30},"end":{"line":36,"column":3}},"line":25}},"branchMap":{},"s":{"0":1,"1":0,"2":0,"3":0,"4":0,"5":1},"f":{"0":0,"1":0,"2":0},"b":{},"_coverageSchema":"1a1c01bbd47fc00a2c39e90264f33305004495a9","hash":"1102b69049bc1943c1b16500a820ef7fcd0fdf10"}
,"E:\\Vidit\\Desktop\\VIDIT CODE\\Web Dev\\Learning\\REACT\\React\\Namaste React\\src\\utils\\constants.js": {"path":"E:\\Vidit\\Desktop\\VIDIT CODE\\Web Dev\\Learning\\REACT\\React\\Namaste React\\src\\utils\\constants.js","statementMap":{"0":{"start":{"line":1,"column":23},"end":{"line":1,"column":114}},"1":{"start":{"line":3,"column":24},"end":{"line":3,"column":96}},"2":{"start":{"line":5,"column":26},"end":{"line":7,"column":1}},"3":{"start":{"line":6,"column":4},"end":{"line":6,"column":65}},"4":{"start":{"line":9,"column":19},"end":{"line":9,"column":157}},"5":{"start":{"line":11,"column":30},"end":{"line":11,"column":153}},"6":{"start":{"line":13,"column":39},"end":{"line":13,"column":68}},"7":{"start":{"line":15,"column":50},"end":{"line":15,"column":90}}},"fnMap":{"0":{"name":"(anonymous_0)","decl":{"start":{"line":5,"column":26},"end":{"line":5,"column":27}},"loc":{"start":{"line":5,"column":38},"end":{"line":7,"column":1}},"line":5}},"branchMap":{},"s":{"0":1,"1":1,"2":1,"3":2,"4":1,"5":1,"6":1,"7":1},"f":{"0":2},"b":{},"_coverageSchema":"1a1c01bbd47fc00a2c39e90264f33305004495a9","hash":"1e11ddbc5bf0884ff4dc5b79172d2a2da41ee1cf"}
,"E:\\Vidit\\Desktop\\VIDIT CODE\\Web Dev\\Learning\\REACT\\React\\Namaste React\\src\\utils\\useOnlineStatus.js": {"path":"E:\\Vidit\\Desktop\\VIDIT CODE\\Web Dev\\Learning\\REACT\\React\\Namaste React\\src\\utils\\useOnlineStatus.js","statementMap":{"0":{"start":{"line":4,"column":24},"end":{"line":17,"column":1}},"1":{"start":{"line":5,"column":36},"end":{"line":5,"column":50}},"2":{"start":{"line":7,"column":4},"end":{"line":14,"column":10}},"3":{"start":{"line":8,"column":8},"end":{"line":10,"column":10}},"4":{"start":{"line":9,"column":12},"end":{"line":9,"column":29}},"5":{"start":{"line":11,"column":8},"end":{"line":13,"column":10}},"6":{"start":{"line":12,"column":12},"end":{"line":12,"column":30}},"7":{"start":{"line":16,"column":4},"end":{"line":16,"column":19}}},"fnMap":{"0":{"name":"(anonymous_0)","decl":{"start":{"line":4,"column":24},"end":{"line":4,"column":25}},"loc":{"start":{"line":4,"column":30},"end":{"line":17,"column":1}},"line":4},"1":{"name":"(anonymous_1)","decl":{"start":{"line":7,"column":14},"end":{"line":7,"column":15}},"loc":{"start":{"line":7,"column":18},"end":{"line":14,"column":5}},"line":7},"2":{"name":"(anonymous_2)","decl":{"start":{"line":8,"column":42},"end":{"line":8,"column":43}},"loc":{"start":{"line":8,"column":46},"end":{"line":10,"column":9}},"line":8},"3":{"name":"(anonymous_3)","decl":{"start":{"line":11,"column":43},"end":{"line":11,"column":44}},"loc":{"start":{"line":11,"column":47},"end":{"line":13,"column":9}},"line":11}},"branchMap":{},"s":{"0":1,"1":5,"2":5,"3":4,"4":0,"5":4,"6":0,"7":5},"f":{"0":5,"1":4,"2":0,"3":0},"b":{},"_coverageSchema":"1a1c01bbd47fc00a2c39e90264f33305004495a9","hash":"6f957b255e38ce0a9c5f06b27412d27bac5a1915"}
,"E:\\Vidit\\Desktop\\VIDIT CODE\\Web Dev\\Learning\\REACT\\React\\Namaste React\\src\\utils\\userContext.js": {"path":"E:\\Vidit\\Desktop\\VIDIT CODE\\Web Dev\\Learning\\REACT\\React\\Namaste React\\src\\utils\\userContext.js","statementMap":{"0":{"start":{"line":3,"column":20},"end":{"line":5,"column":2}}},"fnMap":{},"branchMap":{},"s":{"0":1},"f":{},"b":{},"_coverageSchema":"1a1c01bbd47fc00a2c39e90264f33305004495a9","hash":"8f250d4f3520340f4f9d8fd5694c8c7c4bec79aa"}
}
