TN:
SF:src\components\ContactUs.js
FN:2,(anonymous_0)
FNF:1
FNH:1
FNDA:4,(anonymous_0)
DA:2,1
DA:3,4
LF:2
LH:2
BRF:0
BRH:0
end_of_record
TN:
SF:src\components\Header.js
FN:8,(anonymous_0)
FN:13,(anonymous_1)
FN:14,(anonymous_2)
FN:19,(anonymous_3)
FNF:4
FNH:4
FNDA:5,(anonymous_0)
FNDA:1,(anonymous_1)
FNDA:1,(anonymous_2)
FNDA:9,(anonymous_3)
DA:8,1
DA:9,5
DA:11,5
DA:13,5
DA:14,1
DA:17,5
DA:19,9
DA:21,5
LF:8
LH:8
BRDA:28,0,0,5
BRDA:28,0,1,0
BRDA:44,1,0,5
BRDA:44,1,1,1
BRDA:46,2,0,1
BRDA:46,2,1,4
BRF:6
BRH:5
end_of_record
TN:
SF:src\components\RestaurantCard.js
FN:3,(anonymous_0)
FN:23,(anonymous_1)
FN:24,(anonymous_2)
FNF:3
FNH:3
FNDA:2,(anonymous_0)
FNDA:1,(anonymous_1)
FNDA:1,(anonymous_2)
DA:3,1
DA:4,2
DA:5,2
DA:7,2
DA:23,1
DA:24,1
DA:25,1
DA:26,1
DA:27,1
LF:9
LH:9
BRF:0
BRH:0
end_of_record
TN:
SF:src\components\sum.js
FN:1,(anonymous_0)
FNF:1
FNH:1
FNDA:1,(anonymous_0)
DA:1,1
DA:2,1
LF:2
LH:2
BRF:0
BRH:0
end_of_record
TN:
SF:src\utils\appStore.js
FNF:0
FNH:0
DA:4,1
LF:1
LH:1
BRF:0
BRH:0
end_of_record
TN:
SF:src\utils\cartSlice.js
FN:12,(anonymous_0)
FN:21,(anonymous_1)
FN:25,(anonymous_2)
FNF:3
FNH:0
FNDA:0,(anonymous_0)
FNDA:0,(anonymous_1)
FNDA:0,(anonymous_2)
DA:3,1
DA:19,0
DA:22,0
DA:27,0
DA:35,0
DA:43,1
LF:6
LH:2
BRF:0
BRH:0
end_of_record
TN:
SF:src\utils\constants.js
FN:5,(anonymous_0)
FNF:1
FNH:1
FNDA:4,(anonymous_0)
DA:1,2
DA:3,2
DA:5,2
DA:6,4
DA:9,2
DA:11,2
DA:13,2
DA:15,2
LF:8
LH:8
BRF:0
BRH:0
end_of_record
TN:
SF:src\utils\useOnlineStatus.js
FN:4,(anonymous_0)
FN:7,(anonymous_1)
FN:8,(anonymous_2)
FN:11,(anonymous_3)
FNF:4
FNH:2
FNDA:5,(anonymous_0)
FNDA:4,(anonymous_1)
FNDA:0,(anonymous_2)
FNDA:0,(anonymous_3)
DA:4,1
DA:5,5
DA:7,5
DA:8,4
DA:9,0
DA:11,4
DA:12,0
DA:16,5
LF:8
LH:6
BRF:0
BRH:0
end_of_record
TN:
SF:src\utils\userContext.js
FNF:0
FNH:0
DA:3,1
LF:1
LH:1
BRF:0
BRH:0
end_of_record
